
> @ watch-poll /home/vagrant/Code/sample
> npm run watch -- --watch-poll


> @ watch /home/vagrant/Code/sample
> cross-env NODE_ENV=development node_modules/webpack/bin/webpack.js --watch --progress --hide-modules --config=node_modules/laravel-mix/setup/webpack.config.js "--watch-poll"


Usage: npm <command>

where <command> is one of:
    access, adduser, bin, bugs, c, cache, completion, config,
    ddp, dedupe, deprecate, dist-tag, docs, edit, explore, get,
    help, help-search, i, init, install, install-test, it, link,
    list, ln, login, logout, ls, outdated, owner, pack, ping,
    prefix, prune, publish, rb, rebuild, repo, restart, root,
    run, run-script, s, se, search, set, shrinkwrap, star,
    stars, start, stop, t, tag, team, test, tst, un, uninstall,
    unpublish, unstar, up, update, v, version, view, whoami

npm <cmd> -h     quick help on <cmd>
npm -l           display full usage info
npm help <term>  search for help on <term>
npm help npm     involved overview

Specify configs in the ini-formatted file:
    /home/vagrant/.npmrc
or on the command line via: npm <command> --key value
Config info can be viewed via: npm help config

npm@3.10.10 /usr/lib/node_modules/npm
